<?xml version="1.0" encoding="UTF-8"?>
<testng-results ignored="0" total="1" passed="1" failed="0" skipped="0">
  <reporter-output>
  </reporter-output>
  <suite started-at="2022-12-21T15:01:48 CET" name="Command line suite" finished-at="2022-12-21T15:01:48 CET" duration-ms="11">
    <groups>
    </groups>
    <test started-at="2022-12-21T15:01:48 CET" name="Command line test" finished-at="2022-12-21T15:01:48 CET" duration-ms="11">
      <class name="test.pruebaTecnica.AppTest">
        <test-method signature="testApp()[pri:0, instance:testApp(test.pruebaTecnica.AppTest)]" started-at="2022-12-21T15:01:48 CET" name="testApp" finished-at="2022-12-21T15:01:48 CET" duration-ms="2" status="PASS">
          <reporter-output>
          </reporter-output>
        </test-method> <!-- testApp -->
      </class> <!-- test.pruebaTecnica.AppTest -->
    </test> <!-- Command line test -->
  </suite> <!-- Command line suite -->
</testng-results>
