<?xml version="1.0" encoding="UTF-8"?>
<testng-results ignored="0" total="0" passed="0" failed="0" skipped="0">
  <reporter-output>
  </reporter-output>
  <suite started-at="2022-12-21T22:34:10 CET" name="prueba.Test_Google" finished-at="2022-12-21T22:34:10 CET" duration-ms="7">
    <groups>
    </groups>
    <test started-at="2022-12-21T22:34:10 CET" name="Command line test" finished-at="2022-12-21T22:34:10 CET" duration-ms="7">
    </test> <!-- Command line test -->
  </suite> <!-- prueba.Test_Google -->
</testng-results>
